mode: set
github.com/servernoj/gobook/ch05/hit/do.go:12.30,13.30 1 1
github.com/servernoj/gobook/ch05/hit/do.go:13.30,15.3 1 1
github.com/servernoj/gobook/ch05/hit/do.go:17.46,18.30 1 1
github.com/servernoj/gobook/ch05/hit/do.go:18.30,20.3 1 1
github.com/servernoj/gobook/ch05/hit/do.go:22.49,23.30 1 0
github.com/servernoj/gobook/ch05/hit/do.go:23.30,25.3 1 0
github.com/servernoj/gobook/ch05/hit/do.go:28.95,30.16 2 1
github.com/servernoj/gobook/ch05/hit/do.go:30.16,32.3 1 0
github.com/servernoj/gobook/ch05/hit/do.go:33.2,39.25 2 1
github.com/servernoj/gobook/ch05/hit/do.go:39.25,41.3 1 1
github.com/servernoj/gobook/ch05/hit/do.go:42.2,42.28 1 1
github.com/servernoj/gobook/ch05/hit/pipe.go:22.41,23.25 1 1
github.com/servernoj/gobook/ch05/hit/pipe.go:23.25,29.3 1 1
github.com/servernoj/gobook/ch05/hit/pipe.go:30.2,30.48 1 1
github.com/servernoj/gobook/ch05/hit/pipe.go:30.48,36.17 4 1
github.com/servernoj/gobook/ch05/hit/pipe.go:36.17,39.4 2 0
github.com/servernoj/gobook/ch05/hit/pipe.go:40.3,40.51 1 1
github.com/servernoj/gobook/ch05/hit/pipe.go:40.51,43.4 2 0
github.com/servernoj/gobook/ch05/hit/pipe.go:44.3,47.17 4 1
github.com/servernoj/gobook/ch05/hit/pipe.go:47.17,50.4 2 0
github.com/servernoj/gobook/ch05/hit/pipe.go:51.3,52.9 2 1
github.com/servernoj/gobook/ch05/hit/pipe.go:56.48,66.15 6 1
github.com/servernoj/gobook/ch05/hit/pipe.go:66.15,71.3 1 1
github.com/servernoj/gobook/ch05/hit/pipe.go:72.2,77.24 2 1
github.com/servernoj/gobook/ch05/hit/pipe.go:77.24,79.3 1 1
github.com/servernoj/gobook/ch05/hit/pipe.go:81.2,82.13 2 1
github.com/servernoj/gobook/ch05/hit/pipe.go:85.40,94.2 4 0
github.com/servernoj/gobook/ch05/hit/pipe.go:96.92,99.12 2 1
github.com/servernoj/gobook/ch05/hit/pipe.go:99.12,101.26 2 1
github.com/servernoj/gobook/ch05/hit/pipe.go:101.26,102.11 1 1
github.com/servernoj/gobook/ch05/hit/pipe.go:103.22,104.11 1 0
github.com/servernoj/gobook/ch05/hit/pipe.go:105.43,105.43 0 1
github.com/servernoj/gobook/ch05/hit/pipe.go:110.2,110.12 1 1
github.com/servernoj/gobook/ch05/hit/pipe.go:113.78,117.12 3 1
github.com/servernoj/gobook/ch05/hit/pipe.go:117.12,118.21 1 1
github.com/servernoj/gobook/ch05/hit/pipe.go:118.21,121.4 2 1
github.com/servernoj/gobook/ch05/hit/pipe.go:122.3,123.13 2 1
github.com/servernoj/gobook/ch05/hit/pipe.go:126.2,126.12 1 1
github.com/servernoj/gobook/ch05/hit/pipe.go:129.89,132.12 2 1
github.com/servernoj/gobook/ch05/hit/pipe.go:132.12,135.36 3 1
github.com/servernoj/gobook/ch05/hit/pipe.go:135.36,136.14 1 1
github.com/servernoj/gobook/ch05/hit/pipe.go:136.14,137.23 1 1
github.com/servernoj/gobook/ch05/hit/pipe.go:137.23,139.6 1 1
github.com/servernoj/gobook/ch05/hit/pipe.go:140.5,140.14 1 1
github.com/servernoj/gobook/ch05/hit/pipe.go:143.3,144.13 2 1
github.com/servernoj/gobook/ch05/hit/pipe.go:147.2,147.12 1 1
github.com/servernoj/gobook/ch05/hit/result.go:27.35,29.66 2 1
github.com/servernoj/gobook/ch05/hit/result.go:29.66,31.3 1 1
github.com/servernoj/gobook/ch05/hit/result.go:32.2,32.28 1 1
github.com/servernoj/gobook/ch05/hit/result.go:32.28,34.3 1 1
github.com/servernoj/gobook/ch05/hit/result.go:35.2,35.18 1 1
github.com/servernoj/gobook/ch05/hit/result.go:35.18,37.3 1 0
github.com/servernoj/gobook/ch05/hit/result.go:38.2,38.20 1 1
github.com/servernoj/gobook/ch05/hit/result.go:41.45,45.2 3 1
github.com/servernoj/gobook/ch05/hit/result.go:47.38,48.40 1 1
github.com/servernoj/gobook/ch05/hit/result.go:48.40,50.3 1 1
github.com/servernoj/gobook/ch05/hit/result.go:51.2,56.17 6 1
github.com/servernoj/gobook/ch05/hit/result.go:56.17,59.3 2 1
github.com/servernoj/gobook/ch05/hit/result.go:62.32,66.2 3 1
